<?xml version="1.0" encoding="UTF-8"?>
<!-- Generated by org.testng.reporters.JUnitXMLReporter -->
<testsuite ignored="2" hostname="Kavin" failures="1" tests="5" name="Test" time="29.522" errors="0" timestamp="2024-08-18T13:38:32 IST">
  <testcase classname="TestCases.TC_01_Login" name="TC_01_Login" time="0.503"/>
  <testcase classname="TestCases.TC_01_Login" name="TC_01_Login" time="0.413"/>
  <testcase classname="TestCases.TC_01_Login" name="TC_01_Login" time="0.424"/>
  <testcase classname="TestCases.TC_01_Login" name="TC_01_Login" time="0.403"/>
  <testcase classname="TestCases.TC_02_CreateTTemplate" name="TC_02_CreateTTemplate" time="4.352">
    <failure type="org.openqa.selenium.ElementClickInterceptedException" message="element click intercepted: Element &amp;lt;div class=&amp;quot;custom-btn__text create-test&amp;quot;&amp;gt;...&amp;lt;/div&amp;gt; is not clickable at point (1438, 74). Other element would receive the click: &amp;lt;a href=&amp;quot;/tests/create/step1&amp;quot; class=&amp;quot;custom-btn custom-btn--primary&amp;quot;&amp;gt;...&amp;lt;/a&amp;gt;
  (Session info: chrome=127.0.6533.120)
Build info: version: &amp;apos;4.17.0&amp;apos;, revision: &amp;apos;e52b1be057*&amp;apos;
System info: os.name: &amp;apos;Windows 11&amp;apos;, os.arch: &amp;apos;amd64&amp;apos;, os.version: &amp;apos;10.0&amp;apos;, java.version: &amp;apos;21.0.2&amp;apos;
Driver info: org.openqa.selenium.chrome.ChromeDriver
Command: [88c5f2dad76856418071092215b91e32, clickElement {id=f.268E6FC8CF1C7C05A3264A94153B80C6.d.92B7F61D01962DE479BD2195C4468059.e.53}]
Capabilities {acceptInsecureCerts: false, browserName: chrome, browserVersion: 127.0.6533.120, chrome: {chromedriverVersion: 127.0.6533.119 (bdef6783a05..., userDataDir: C:\Users\kavin\AppData\Loca...}, fedcm:accounts: true, goog:chromeOptions: {debuggerAddress: localhost:53964}, networkConnectionEnabled: false, pageLoadStrategy: normal, platformName: windows, proxy: Proxy(), se:cdp: ws://localhost:53964/devtoo..., se:cdpVersion: 127.0.6533.120, setWindowRect: true, strictFileInteractability: false, timeouts: {implicit: 0, pageLoad: 300000, script: 30000}, unhandledPromptBehavior: dismiss and notify, webauthn:extension:credBlob: true, webauthn:extension:largeBlob: true, webauthn:extension:minPinLength: true, webauthn:extension:prf: true, webauthn:virtualAuthenticators: true}
Element: [[ChromeDriver: chrome on windows (88c5f2dad76856418071092215b91e32)] -&amp;gt; xpath: //div[@class=&amp;apos;custom-btn__text create-test&amp;apos;]]
Session ID: 88c5f2dad76856418071092215b91e32">
      <![CDATA[org.openqa.selenium.ElementClickInterceptedException: element click intercepted: Element <div class="custom-btn__text create-test">...</div> is not clickable at point (1438, 74). Other element would receive the click: <a href="/tests/create/step1" class="custom-btn custom-btn--primary">...</a>
  (Session info: chrome=127.0.6533.120)
Build info: version: '4.17.0', revision: 'e52b1be057*'
System info: os.name: 'Windows 11', os.arch: 'amd64', os.version: '10.0', java.version: '21.0.2'
Driver info: org.openqa.selenium.chrome.ChromeDriver
Command: [88c5f2dad76856418071092215b91e32, clickElement {id=f.268E6FC8CF1C7C05A3264A94153B80C6.d.92B7F61D01962DE479BD2195C4468059.e.53}]
Capabilities {acceptInsecureCerts: false, browserName: chrome, browserVersion: 127.0.6533.120, chrome: {chromedriverVersion: 127.0.6533.119 (bdef6783a05..., userDataDir: C:\Users\kavin\AppData\Loca...}, fedcm:accounts: true, goog:chromeOptions: {debuggerAddress: localhost:53964}, networkConnectionEnabled: false, pageLoadStrategy: normal, platformName: windows, proxy: Proxy(), se:cdp: ws://localhost:53964/devtoo..., se:cdpVersion: 127.0.6533.120, setWindowRect: true, strictFileInteractability: false, timeouts: {implicit: 0, pageLoad: 300000, script: 30000}, unhandledPromptBehavior: dismiss and notify, webauthn:extension:credBlob: true, webauthn:extension:largeBlob: true, webauthn:extension:minPinLength: true, webauthn:extension:prf: true, webauthn:virtualAuthenticators: true}
Element: [[ChromeDriver: chrome on windows (88c5f2dad76856418071092215b91e32)] -> xpath: //div[@class='custom-btn__text create-test']]
Session ID: 88c5f2dad76856418071092215b91e32
at org.openqa.selenium.remote.codec.w3c.W3CHttpResponseCodec.createException(W3CHttpResponseCodec.java:185)
at org.openqa.selenium.remote.codec.w3c.W3CHttpResponseCodec.decode(W3CHttpResponseCodec.java:134)
at org.openqa.selenium.remote.codec.w3c.W3CHttpResponseCodec.decode(W3CHttpResponseCodec.java:51)
at org.openqa.selenium.remote.HttpCommandExecutor.execute(HttpCommandExecutor.java:190)
at org.openqa.selenium.remote.service.DriverCommandExecutor.invokeExecute(DriverCommandExecutor.java:216)
at org.openqa.selenium.remote.service.DriverCommandExecutor.execute(DriverCommandExecutor.java:174)
at org.openqa.selenium.remote.RemoteWebDriver.execute(RemoteWebDriver.java:519)
at org.openqa.selenium.remote.RemoteWebElement.execute(RemoteWebElement.java:223)
at org.openqa.selenium.remote.RemoteWebElement.click(RemoteWebElement.java:76)
at org.openqa.selenium.support.pagefactory.internal.LocatingElementHandler.invoke(LocatingElementHandler.java:51)
at jdk.proxy2/jdk.proxy2.$Proxy19.click(Unknown Source)
at Utiles.UtilesBUG.clickOn(UtilesBUG.java:97)
at Class.CreateT.createTemplateMyStyle(CreateT.java:50)
at TestCases.TC_02_CreateTTemplate.TC_02_CreateTTemplate(TC_02_CreateTTemplate.java:23)
at java.base/java.util.ArrayList.forEach(ArrayList.java:1596)
... Removed 30 stack frames]]>
    </failure>
  </testcase> <!-- TC_02_CreateTTemplate -->
  <testcase classname="Basic.BasisBUG" name="@AfterSuite endReport" time="0.0">
    <ignored/>
  </testcase> <!-- @AfterSuite endReport -->
  <testcase classname="Basic.BasisBUG" name="@BeforeSuite StartReport" time="0.0">
    <ignored/>
  </testcase> <!-- @BeforeSuite StartReport -->
</testsuite> <!-- Test -->
